<?xml version="1.0" encoding="utf-8"?><testsuites name="pytest tests"><testsuite name="pytest" errors="0" failures="0" skipped="0" tests="13" time="8.607" timestamp="2026-06-10T03:46:57.014363+00:00" hostname="agent-env-e2898891-ba9b-4356-a590-38634251aad4"><testcase classname="backend.tests.backend_test.TestAuth" name="test_root" time="0.674" /><testcase classname="backend.tests.backend_test.TestAuth" name="test_admin_login_sets_cookies_and_me" time="0.403" /><testcase classname="backend.tests.backend_test.TestAuth" name="test_login_wrong_password" time="0.337" /><testcase classname="backend.tests.backend_test.TestAuth" name="test_register_then_me" time="0.381" /><testcase classname="backend.tests.backend_test.TestAuth" name="test_register_duplicate_email" time="0.430" /><testcase classname="backend.tests.backend_test.TestAuth" name="test_refresh_issues_new_access_token" time="1.561" /><testcase classname="backend.tests.backend_test.TestAuth" name="test_logout_clears_cookies" time="0.436" /><testcase classname="backend.tests.backend_test.TestAuth" name="test_brute_force_lockout" time="0.348" /><testcase classname="backend.tests.backend_test.TestBusinesses" name="test_list_create_get_update_delete" time="0.903" /><testcase classname="backend.tests.backend_test.TestBusinesses" name="test_ownership_isolation" time="0.990" /><testcase classname="backend.tests.backend_test.TestBusinesses" name="test_unauthenticated_blocked" time="0.202" /><testcase classname="backend.tests.backend_test.TestSimulations" name="test_simulation_crud" time="0.897" /><testcase classname="backend.tests.backend_test.TestSimulations" name="test_simulation_other_business_forbidden" time="0.921" /></testsuite></testsuites>